#
# A fatal error has been detected by the Java Runtime Environment:
#
#  EXCEPTION_ACCESS_VIOLATION (0xc0000005) at pc=0x000000006d9dac8b, pid=4168, tid=5744
#
# JRE version: 6.0_26-b03
# Java VM: Java HotSpot(TM) 64-Bit Server VM (20.1-b02 mixed mode windows-amd64 compressed oops)
# Problematic frame:
# V  [jvm.dll+0x14ac8b]
#
# If you would like to submit a bug report, please visit:
#   http://java.sun.com/webapps/bugreport/crash.jsp
#

---------------  T H R E A D  ---------------

Current thread (0x00000000003ec000):  JavaThread "JDWP Transport Listener: dt_socket" daemon [_thread_in_vm, id=5744, stack(0x0000000006870000,0x0000000006970000)]

siginfo: ExceptionCode=0xc0000005, reading address 0x000000003b726564

Registers:
RAX=0x000000000696f601, RBX=0x00000000003ec000, RCX=0x000000003b726564, RDX=0x00000000003ec000
RSP=0x000000000696f660, RBP=0x000000003b726564, RSI=0x000000000696f740, RDI=0x0000000000608fd0
R8 =0x000000000696f740, R9 =0x0000000000000001, R10=0x0000000000000000, R11=0x00000000103322d6
R12=0x0000000000000001, R13=0x0000000000000000, R14=0x0000000000000000, R15=0x0000000000000000
RIP=0x000000006d9dac8b, EFLAGS=0x0000000000010202

Top of Stack: (sp=0x000000000696f660)
0x000000000696f660:   0000000000000000 000000006d4e54e3
0x000000000696f670:   000000000696f870 000000006db9b895
0x000000000696f680:   00000000003ec000 000000006dbbab0a
0x000000000696f690:   0000000000000000 00000000003ec000
0x000000000696f6a0:   000000000696f740 000000006d4e0d69
0x000000000696f6b0:   00000000003ec000 0000000000000000
0x000000000696f6c0:   0000000000000000 0000000000000000
0x000000000696f6d0:   0000000000000001 000000006d4dff6e
0x000000000696f6e0:   000000000696f740 00000000074304f0
0x000000000696f6f0:   0000000000000001 000000003b726564
0x000000000696f700:   0000000000000001 000000003b726564
0x000000000696f710:   000000000696f870 000000006d4c4f64
0x000000000696f720:   000000000696f870 b09bfd050a010000
0x000000000696f730:   000000000eb08d50 0000000000000000
0x000000000696f740:   0000010a0696f800 0000000000000000
0x000000000696f750:   0000000000000000 0000000000000000 

Instructions: (pc=0x000000006d9dac8b)
0x000000006d9dac6b:   7c 24 48 48 83 c4 28 c3 cc cc cc cc cc cc cc cc
0x000000006d9dac7b:   cc cc cc cc cc 48 53 48 83 ec 20 48 85 c9 74 55
0x000000006d9dac8b:   48 8b 19 48 85 db 74 4d 48 b8 fe fe fe fe fe fe
0x000000006d9dac9b:   fe fe 48 3b d8 74 3e 80 3d b7 fb 5e 00 00 74 16 


Register to memory mapping:

RAX=0x000000000696f601 is pointing into the stack for thread: 0x00000000003ec000
RBX=0x00000000003ec000 is a thread
RCX=0x000000003b726564 is an unknown value
RDX=0x00000000003ec000 is a thread
RSP=0x000000000696f660 is pointing into the stack for thread: 0x00000000003ec000
RBP=0x000000003b726564 is an unknown value
RSI=0x000000000696f740 is pointing into the stack for thread: 0x00000000003ec000
RDI=0x0000000000608fd0 is an unknown value
R8 =0x000000000696f740 is pointing into the stack for thread: 0x00000000003ec000
R9 =0x0000000000000001 is an unknown value
R10=0x0000000000000000 is an unknown value
R11=0x00000000103322d6 is an unknown value
R12=0x0000000000000001 is an unknown value
R13=0x0000000000000000 is an unknown value
R14=0x0000000000000000 is an unknown value
R15=0x0000000000000000 is an unknown value


Stack: [0x0000000006870000,0x0000000006970000],  sp=0x000000000696f660,  free space=1021k
Native frames: (J=compiled Java code, j=interpreted, Vv=VM code, C=native code)
V  [jvm.dll+0x14ac8b]


---------------  P R O C E S S  ---------------

Java Threads: ( => current thread )
  0x0000000007f5d800 JavaThread "Code server for gwebsocket from Mozilla/5.0 (Windows NT 6.1; WOW64) AppleWebKit/535.19 (KHTML, like Gecko) Chrome/18.0.1025.168 Safari/535.19 on http://127.0.0.1:8888/gwebsocket/hosted.html?gwebsocket @ 8+0xQuB0dkJa)bSg" daemon [_thread_in_native, id=6680, stack(0x0000000008670000,0x0000000008770000)]
  0x0000000007f5b800 JavaThread "btpool0-4" [_thread_blocked, id=1316, stack(0x0000000009940000,0x0000000009a40000)]
  0x0000000007f59000 JavaThread "Timer-0" daemon [_thread_blocked, id=6828, stack(0x0000000008870000,0x0000000008970000)]
  0x0000000007d47000 JavaThread "btpool0-1 - Acceptor0 SelectChannelConnector@127.0.0.1:8888" [_thread_in_native, id=4852, stack(0x0000000008770000,0x0000000008870000)]
  0x0000000007f7e800 JavaThread "GC Daemon" daemon [_thread_blocked, id=1848, stack(0x0000000007780000,0x0000000007880000)]
  0x00000000073b7000 JavaThread "com.google.gwt.thirdparty.guava.common.base.internal.Finalizer" daemon [_thread_blocked, id=6812, stack(0x0000000008570000,0x0000000008670000)]
  0x0000000007371800 JavaThread "Code server listener" daemon [_thread_in_native, id=7108, stack(0x0000000008470000,0x0000000008570000)]
  0x0000000007437000 JavaThread "UnitWriteThread" daemon [_thread_blocked, id=6276, stack(0x0000000007980000,0x0000000007a80000)]
  0x0000000006137800 JavaThread "Thread-1" daemon [_thread_blocked, id=6264, stack(0x0000000007680000,0x0000000007780000)]
  0x00000000072fb000 JavaThread "Thread-0" [_thread_in_native, id=1044, stack(0x0000000007580000,0x0000000007680000)]
  0x0000000005fea800 JavaThread "Low Memory Detector" daemon [_thread_blocked, id=6624, stack(0x0000000006f80000,0x0000000007080000)]
  0x0000000005fde800 JavaThread "C2 CompilerThread1" daemon [_thread_blocked, id=560, stack(0x0000000006e80000,0x0000000006f80000)]
  0x0000000005fd8800 JavaThread "C2 CompilerThread0" daemon [_thread_blocked, id=6772, stack(0x0000000006d80000,0x0000000006e80000)]
  0x0000000005fcd000 JavaThread "JDWP Command Reader" daemon [_thread_in_native, id=5252, stack(0x0000000006c80000,0x0000000006d80000)]
  0x0000000005fc9800 JavaThread "JDWP Event Helper Thread" daemon [_thread_blocked, id=6508, stack(0x0000000006aa0000,0x0000000006ba0000)]
=>0x00000000003ec000 JavaThread "JDWP Transport Listener: dt_socket" daemon [_thread_in_vm, id=5744, stack(0x0000000006870000,0x0000000006970000)]
  0x00000000003e5000 JavaThread "Attach Listener" daemon [_thread_blocked, id=6496, stack(0x0000000006280000,0x0000000006380000)]
  0x00000000003e4000 JavaThread "Signal Dispatcher" daemon [_thread_blocked, id=5728, stack(0x0000000006180000,0x0000000006280000)]
  0x00000000003d1800 JavaThread "Finalizer" daemon [_thread_blocked, id=6528, stack(0x0000000005e80000,0x0000000005f80000)]
  0x00000000003c8800 JavaThread "Reference Handler" daemon [_thread_blocked, id=7132, stack(0x0000000005d80000,0x0000000005e80000)]
  0x000000000060c000 JavaThread "main" [_thread_blocked, id=3256, stack(0x0000000002380000,0x0000000002480000)]

Other Threads:
  0x00000000003c2000 VMThread [stack: 0x0000000005c80000,0x0000000005d80000] [id=5768]
  0x0000000005ff4800 WatcherThread [stack: 0x0000000007080000,0x0000000007180000] [id=7144]

VM state:not at safepoint (normal execution)

VM Mutex/Monitor currently owned by a thread: None

Heap
 PSYoungGen      total 123328K, used 34249K [0x00000000f5560000, 0x0000000100000000, 0x0000000100000000)
  eden space 88960K, 2% used [0x00000000f5560000,0x00000000f572d400,0x00000000fac40000)
  from space 34368K, 94% used [0x00000000fac40000,0x00000000fcbe5138,0x00000000fcdd0000)
  to   space 39360K, 0% used [0x00000000fd990000,0x00000000fd990000,0x0000000100000000)
 PSOldGen        total 74816K, used 58296K [0x00000000e0000000, 0x00000000e4910000, 0x00000000f5560000)
  object space 74816K, 77% used [0x00000000e0000000,0x00000000e38ee3f8,0x00000000e4910000)
 PSPermGen       total 37824K, used 30112K [0x00000000dae00000, 0x00000000dd2f0000, 0x00000000e0000000)
  object space 37824K, 79% used [0x00000000dae00000,0x00000000dcb682e0,0x00000000dd2f0000)

Code Cache  [0x0000000002480000, 0x00000000028f0000, 0x0000000005480000)
 total_blobs=1115 nmethods=804 adapters=271 free_code_cache=46269952 largest_free_block=300800

Dynamic libraries:
0x0000000000400000 - 0x000000000042e000 	C:\Program Files\Java\jdk1.6.0_26\bin\javaw.exe
0x0000000077890000 - 0x0000000077a39000 	C:\Windows\SYSTEM32\ntdll.dll
0x0000000077770000 - 0x000000007788f000 	C:\Windows\system32\kernel32.dll
0x000007fefd370000 - 0x000007fefd3dc000 	C:\Windows\system32\KERNELBASE.dll
0x000007fefea50000 - 0x000007fefeb2b000 	C:\Windows\system32\ADVAPI32.dll
0x000007fefe510000 - 0x000007fefe5af000 	C:\Windows\system32\msvcrt.dll
0x000007fefe4f0000 - 0x000007fefe50f000 	C:\Windows\SYSTEM32\sechost.dll
0x000007fefe5d0000 - 0x000007fefe6fd000 	C:\Windows\system32\RPCRT4.dll
0x0000000077300000 - 0x00000000773fa000 	C:\Windows\system32\USER32.dll
0x000007fefd590000 - 0x000007fefd5f7000 	C:\Windows\system32\GDI32.dll
0x000007fefea40000 - 0x000007fefea4e000 	C:\Windows\system32\LPK.dll
0x000007fefe410000 - 0x000007fefe4d9000 	C:\Windows\system32\USP10.dll
0x000007fefeb90000 - 0x000007fefebbe000 	C:\Windows\system32\IMM32.DLL
0x000007fefe700000 - 0x000007fefe809000 	C:\Windows\system32\MSCTF.dll
0x000000006d890000 - 0x000000006e048000 	C:\Program Files\Java\jdk1.6.0_26\jre\bin\server\jvm.dll
0x000007fefa4d0000 - 0x000007fefa50b000 	C:\Windows\system32\WINMM.dll
0x000000006d800000 - 0x000000006d80e000 	C:\Program Files\Java\jdk1.6.0_26\jre\bin\verify.dll
0x000000006d450000 - 0x000000006d477000 	C:\Program Files\Java\jdk1.6.0_26\jre\bin\java.dll
0x0000000077a50000 - 0x0000000077a57000 	C:\Windows\system32\PSAPI.DLL
0x000000006d4c0000 - 0x000000006d4f4000 	C:\Program Files\Java\jdk1.6.0_26\jre\bin\jdwp.dll
0x000000006d6d0000 - 0x000000006d6d8000 	C:\Program Files\Java\jdk1.6.0_26\jre\bin\npt.dll
0x000000006d850000 - 0x000000006d862000 	C:\Program Files\Java\jdk1.6.0_26\jre\bin\zip.dll
0x000000006d310000 - 0x000000006d319000 	C:\Program Files\Java\jdk1.6.0_26\jre\bin\dt_socket.dll
0x000007fefe9f0000 - 0x000007fefea3d000 	C:\Windows\system32\WS2_32.dll
0x000007fefe4e0000 - 0x000007fefe4e8000 	C:\Windows\system32\NSI.dll
0x000007fefbd20000 - 0x000007fefbd35000 	C:\Windows\system32\NLAapi.dll
0x000007fef70b0000 - 0x000007fef70c5000 	C:\Windows\system32\napinsp.dll
0x000007fef7090000 - 0x000007fef70a9000 	C:\Windows\system32\pnrpnsp.dll
0x000007fefca30000 - 0x000007fefca85000 	C:\Windows\System32\mswsock.dll
0x000007fefc8b0000 - 0x000007fefc90b000 	C:\Windows\system32\DNSAPI.dll
0x000007fef7080000 - 0x000007fef708b000 	C:\Windows\System32\winrnr.dll
0x000007fef7070000 - 0x000007fef7080000 	C:\Windows\system32\wshbth.dll
0x0000000072660000 - 0x0000000072686000 	C:\Program Files\Bonjour\mdnsNSP.dll
0x000007fefb670000 - 0x000007fefb697000 	C:\Windows\system32\Iphlpapi.DLL
0x000007fefb660000 - 0x000007fefb66b000 	C:\Windows\system32\WINNSI.DLL
0x000007fefb440000 - 0x000007fefb493000 	C:\Windows\System32\fwpuclnt.dll
0x000007fef8010000 - 0x000007fef8018000 	C:\Windows\system32\rasadhlp.dll
0x000007fefc3f0000 - 0x000007fefc3f7000 	C:\Windows\System32\wshtcpip.dll
0x000000006d6a0000 - 0x000000006d6b7000 	C:\Program Files\Java\jdk1.6.0_26\jre\bin\net.dll
0x000007fefca20000 - 0x000007fefca27000 	C:\Windows\System32\wship6.dll
0x000007fefca90000 - 0x000007fefcaa7000 	C:\Windows\system32\CRYPTSP.dll
0x000007fefc790000 - 0x000007fefc7d7000 	C:\Windows\system32\rsaenh.dll
0x000007fefc510000 - 0x000007fefc52e000 	C:\Windows\system32\USERENV.dll
0x000007fefd1c0000 - 0x000007fefd1cf000 	C:\Windows\system32\profapi.dll
0x000007fefd0f0000 - 0x000007fefd0ff000 	C:\Windows\system32\CRYPTBASE.dll
0x000000006d6c0000 - 0x000000006d6cb000 	C:\Program Files\Java\jdk1.6.0_26\jre\bin\nio.dll

VM Arguments:
jvm_args: -agentlib:jdwp=transport=dt_socket,suspend=y,address=localhost:4162 -Xmx512m -Dfile.encoding=Cp1252 
java_command: com.google.gwt.dev.DevMode -remoteUI 4161:13375496836743 -startupUrl gwebsocket.html -logLevel INFO -codeServerPort 9997 -port 8888 -war X:\Projects\gWebSocket\war org.jwebsocket.gwebsocket
Launcher Type: SUN_STANDARD

Environment Variables:
JAVA_HOME=C:\Program Files\Java\jdk1.6.0_26
CLASSPATH=.;C:\Program Files (x86)\Java\jre6\lib\ext\QTJava.zip
PATH=C:\Program Files\Java\jdk1.6.0_26\jre\bin;C:\Program Files (x86)\PC Connectivity Solution\;C:\Windows\system32;C:\Windows;C:\Windows\System32\Wbem;C:\Windows\System32\WindowsPowerShell\v1.0\;C:\Program Files (x86)\Microsoft SQL Server\100\Tools\Binn\;C:\Program Files\Microsoft SQL Server\100\Tools\Binn\;C:\Program Files\Microsoft SQL Server\100\DTS\Binn\;C:\Program Files\Mercurial\;C:\Program Files (x86)\GNU\GnuPG\pub;C:\Program Files\SlikSvn\bin;C:\Program Files (x86)\QuickTime\QTSystem\;C:\Program Files\TortoiseSVN\bin;C:\Program Files (x86)\Nmap
USERNAME=kosmal
OS=Windows_NT
PROCESSOR_IDENTIFIER=Intel64 Family 6 Model 23 Stepping 6, GenuineIntel



---------------  S Y S T E M  ---------------

OS: Windows 7 Build 7601 Service Pack 1

CPU:total 2 (2 cores per cpu, 1 threads per core) family 6 model 23 stepping 6, cmov, cx8, fxsr, mmx, sse, sse2, sse3, ssse3, sse4.1

Memory: 4k page, physical 4158276k(1531800k free), swap 8314700k(4244860k free)

vm_info: Java HotSpot(TM) 64-Bit Server VM (20.1-b02) for windows-amd64 JRE (1.6.0_26-b03), built on May  4 2011 07:15:24 by "java_re" with MS VC++ 8.0 (VS2005)

time: Fri May 11 17:49:05 2012
elapsed time: 688 seconds

